19/12/11 23:56:21 : Connect timed out.
19/12/11 23:56:28 : Connect timed out.
19/12/11 23:56:33 : Connect timed out.
19/12/11 23:56:40 : Connect timed out.
19/12/11 23:57:03 : Connect timed out.
19/12/11 23:57:04 : Connect timed out.
19/12/11 23:57:08 : Connect timed out.
19/12/11 23:57:11 : Connect timed out.
19/12/11 23:57:12 : Connect timed out.
19/12/11 23:57:13 : Connect timed out.
19/12/11 23:57:13 : Connect timed out.
19/12/11 23:57:13 : Connect timed out.
19/12/11 23:57:13 : Connect timed out.
19/12/11 23:57:14 : Connect timed out.
19/12/11 23:57:14 : Connect timed out.
19/12/11 23:57:14 : Connect timed out.
19/12/11 23:57:14 : Connect timed out.
19/12/11 23:57:15 : Connect timed out.
19/12/11 23:57:15 : Connect timed out.
19/12/11 23:57:16 : Connect timed out.
19/12/11 23:57:16 : Connect timed out.
19/12/11 23:57:19 : Connect timed out.
19/12/11 23:57:22 : Connect timed out.
19/12/11 23:57:23 : Connect timed out.
19/12/11 23:57:26 : Connect timed out.
19/12/11 23:57:28 : Connect timed out.
19/12/11 23:57:29 : Connect timed out.
19/12/11 23:57:30 : Connect timed out.
19/12/11 23:57:31 : Connect timed out.
19/12/11 23:57:31 : Connect timed out.
19/12/11 23:57:31 : Connect timed out.
19/12/11 23:57:31 : Connect timed out.
19/12/11 23:57:31 : Connect timed out.
19/12/11 23:57:31 : Connect timed out.
19/12/12 00:01:01 : Connect timed out.
19/12/12 00:01:12 : Connect timed out.
19/12/12 00:03:01 : Connect timed out.
19/12/12 00:03:12 : Connect timed out.
19/12/12 00:05:41 : Username and Password not accepted. Learn more at<EOL> https://support.google.com/mail/?p=BadCredentials m63sm2486738uam.12 - gsmtp<EOL>
19/12/12 00:05:45 : Username and Password not accepted. Learn more at<EOL> https://support.google.com/mail/?p=BadCredentials p78sm2999803vkf.0 - gsmtp<EOL>
19/12/12 00:10:04 : Username and Password not accepted. Learn more at<EOL> https://support.google.com/mail/?p=BadCredentials r74sm2946793vkf.44 - gsmtp<EOL>
19/12/12 00:10:07 : Username and Password not accepted. Learn more at<EOL> https://support.google.com/mail/?p=BadCredentials b14sm2963833vkl.12 - gsmtp<EOL>
19/12/12 08:39:55 : Socket Error # 11001<EOL>Host not found.
